[2017-02-23 12:54:02.262] [INFO] npm install sequelize logger - ::1 - - "GET / HTTP/1.1" 500 1095 "" "Mozilla/5.0 (iPhone; CPU iPhone OS 9_1 like Mac OS X) AppleWebKit/601.1.46 (KHTML, like Gecko) Version/9.0 Mobile/13B143 Safari/601.1"
[2017-02-23 12:54:02.400] [INFO] npm install sequelize logger - ::1 - - "GET /favicon.ico HTTP/1.1" 500 1095 "http://localhost:3800/" "Mozilla/5.0 (iPhone; CPU iPhone OS 9_1 like Mac OS X) AppleWebKit/601.1.46 (KHTML, like Gecko) Version/9.0 Mobile/13B143 Safari/601.1"
[2017-02-23 12:54:21.632] [INFO] npm install sequelize logger - ::1 - - "GET / HTTP/1.1" 500 1364 "" "Mozilla/5.0 (iPhone; CPU iPhone OS 9_1 like Mac OS X) AppleWebKit/601.1.46 (KHTML, like Gecko) Version/9.0 Mobile/13B143 Safari/601.1"
[2017-02-23 12:54:21.759] [INFO] npm install sequelize logger - ::1 - - "GET /css/style.css HTTP/1.1" 200 110 "http://localhost:3800/" "Mozilla/5.0 (iPhone; CPU iPhone OS 9_1 like Mac OS X) AppleWebKit/601.1.46 (KHTML, like Gecko) Version/9.0 Mobile/13B143 Safari/601.1"
[2017-02-23 12:54:21.903] [INFO] npm install sequelize logger - ::1 - - "GET /favicon.ico HTTP/1.1" 404 1409 "http://localhost:3800/" "Mozilla/5.0 (iPhone; CPU iPhone OS 9_1 like Mac OS X) AppleWebKit/601.1.46 (KHTML, like Gecko) Version/9.0 Mobile/13B143 Safari/601.1"
[2017-02-23 12:54:40.016] [INFO] npm install sequelize logger - ::1 - - "GET / HTTP/1.1" 200 343 "" "Mozilla/5.0 (iPhone; CPU iPhone OS 9_1 like Mac OS X) AppleWebKit/601.1.46 (KHTML, like Gecko) Version/9.0 Mobile/13B143 Safari/601.1"
[2017-02-23 12:54:40.030] [INFO] npm install sequelize logger - ::1 - - "GET /css/style.css HTTP/1.1" 304 - "http://localhost:3800/" "Mozilla/5.0 (iPhone; CPU iPhone OS 9_1 like Mac OS X) AppleWebKit/601.1.46 (KHTML, like Gecko) Version/9.0 Mobile/13B143 Safari/601.1"
[2017-02-23 12:54:46.750] [INFO] npm install sequelize logger - ::1 - - "GET / HTTP/1.1" 304 - "" "Mozilla/5.0 (Macintosh; Intel Mac OS X 10_12_2) AppleWebKit/537.36 (KHTML, like Gecko) Chrome/56.0.2924.87 Safari/537.36"
[2017-02-23 12:54:46.763] [INFO] npm install sequelize logger - ::1 - - "GET /css/style.css HTTP/1.1" 304 - "http://localhost:3800/" "Mozilla/5.0 (Macintosh; Intel Mac OS X 10_12_2) AppleWebKit/537.36 (KHTML, like Gecko) Chrome/56.0.2924.87 Safari/537.36"
[2017-02-23 12:54:48.728] [INFO] npm install sequelize logger - ::1 - - "GET / HTTP/1.1" 304 - "" "Mozilla/5.0 (Macintosh; Intel Mac OS X 10_12_2) AppleWebKit/537.36 (KHTML, like Gecko) Chrome/56.0.2924.87 Safari/537.36"
[2017-02-23 12:54:48.739] [INFO] npm install sequelize logger - ::1 - - "GET /css/style.css HTTP/1.1" 304 - "http://localhost:3800/" "Mozilla/5.0 (Macintosh; Intel Mac OS X 10_12_2) AppleWebKit/537.36 (KHTML, like Gecko) Chrome/56.0.2924.87 Safari/537.36"
[2017-02-23 12:57:15.332] [INFO] npm install sequelize logger - ::1 - - "GET / HTTP/1.1" 304 - "" "Mozilla/5.0 (Macintosh; Intel Mac OS X 10_12_2) AppleWebKit/537.36 (KHTML, like Gecko) Chrome/56.0.2924.87 Safari/537.36"
[2017-02-23 12:57:15.344] [INFO] npm install sequelize logger - ::1 - - "GET /css/style.css HTTP/1.1" 304 - "http://localhost:3800/" "Mozilla/5.0 (Macintosh; Intel Mac OS X 10_12_2) AppleWebKit/537.36 (KHTML, like Gecko) Chrome/56.0.2924.87 Safari/537.36"
[2017-02-23 12:57:16.657] [INFO] npm install sequelize logger - ::1 - - "GET / HTTP/1.1" 304 - "" "Mozilla/5.0 (Macintosh; Intel Mac OS X 10_12_2) AppleWebKit/537.36 (KHTML, like Gecko) Chrome/56.0.2924.87 Safari/537.36"
[2017-02-23 12:57:16.684] [INFO] npm install sequelize logger - ::1 - - "GET /css/style.css HTTP/1.1" 304 - "http://localhost:3800/" "Mozilla/5.0 (Macintosh; Intel Mac OS X 10_12_2) AppleWebKit/537.36 (KHTML, like Gecko) Chrome/56.0.2924.87 Safari/537.36"
[2017-02-23 12:57:17.399] [INFO] npm install sequelize logger - ::1 - - "GET / HTTP/1.1" 304 - "" "Mozilla/5.0 (Macintosh; Intel Mac OS X 10_12_2) AppleWebKit/537.36 (KHTML, like Gecko) Chrome/56.0.2924.87 Safari/537.36"
[2017-02-23 12:57:17.413] [INFO] npm install sequelize logger - ::1 - - "GET /css/style.css HTTP/1.1" 304 - "http://localhost:3800/" "Mozilla/5.0 (Macintosh; Intel Mac OS X 10_12_2) AppleWebKit/537.36 (KHTML, like Gecko) Chrome/56.0.2924.87 Safari/537.36"
[2017-02-23 12:57:20.161] [INFO] npm install sequelize logger - ::1 - - "GET /222 HTTP/1.1" 404 1409 "" "Mozilla/5.0 (Macintosh; Intel Mac OS X 10_12_2) AppleWebKit/537.36 (KHTML, like Gecko) Chrome/56.0.2924.87 Safari/537.36"
[2017-02-23 12:57:20.169] [INFO] npm install sequelize logger - ::1 - - "GET /css/style.css HTTP/1.1" 304 - "http://localhost:3800/222" "Mozilla/5.0 (Macintosh; Intel Mac OS X 10_12_2) AppleWebKit/537.36 (KHTML, like Gecko) Chrome/56.0.2924.87 Safari/537.36"
[2017-02-23 12:57:24.898] [INFO] npm install sequelize logger - ::1 - - "GET /222 HTTP/1.1" 404 1409 "" "Mozilla/5.0 (Macintosh; Intel Mac OS X 10_12_2) AppleWebKit/537.36 (KHTML, like Gecko) Chrome/56.0.2924.87 Safari/537.36"
[2017-02-23 12:57:24.906] [INFO] npm install sequelize logger - ::1 - - "GET /css/style.css HTTP/1.1" 304 - "http://localhost:3800/222" "Mozilla/5.0 (Macintosh; Intel Mac OS X 10_12_2) AppleWebKit/537.36 (KHTML, like Gecko) Chrome/56.0.2924.87 Safari/537.36"
