[2017-02-27 15:05:52.333] [INFO] npm install sequelize logger - ::ffff:127.0.0.1 - - "POST /account/login HTTP/1.1" 200 242 "" "qingqujun/1 CFNetwork/808.2.16 Darwin/16.3.0"
[2017-02-27 15:07:49.157] [INFO] npm install sequelize logger - ::ffff:127.0.0.1 - - "POST /account/login HTTP/1.1" 200 242 "" "qingqujun/1 CFNetwork/808.2.16 Darwin/16.3.0"
[2017-02-27 15:08:40.243] [ERROR] UserService - 登录失败 TypeError: Cannot read property 'password' of null
    at self.userLogin.db.User.findOne.then.data (/Users/ruanxiaoquan/project/qingqujun-server/service/account/UserService.js:34:31)
    at tryCatcher (/Users/ruanxiaoquan/project/qingqujun-server/node_modules/bluebird/js/release/util.js:16:23)
    at Promise.module.exports.Promise._settlePromiseFromHandler (/Users/ruanxiaoquan/project/qingqujun-server/node_modules/bluebird/js/release/promise.js:510:31)
    at Promise.module.exports.Promise._settlePromise (/Users/ruanxiaoquan/project/qingqujun-server/node_modules/bluebird/js/release/promise.js:567:18)
    at Promise.module.exports.Promise._settlePromise0 (/Users/ruanxiaoquan/project/qingqujun-server/node_modules/bluebird/js/release/promise.js:612:10)
    at Promise.module.exports.Promise._settlePromises (/Users/ruanxiaoquan/project/qingqujun-server/node_modules/bluebird/js/release/promise.js:691:18)
    at Async._drainQueue (/Users/ruanxiaoquan/project/qingqujun-server/node_modules/bluebird/js/release/async.js:133:16)
    at Async._drainQueues (/Users/ruanxiaoquan/project/qingqujun-server/node_modules/bluebird/js/release/async.js:143:10)
    at Immediate.__dirname.Async.drainQueues (/Users/ruanxiaoquan/project/qingqujun-server/node_modules/bluebird/js/release/async.js:17:14)
    at runCallback (timers.js:651:20)
    at tryOnImmediate (timers.js:624:5)
    at processImmediate [as _immediateCallback] (timers.js:596:5)
[2017-02-27 15:11:13.684] [ERROR] UserService - 登录失败 TypeError: Cannot read property 'password' of null
    at self.userLogin.db.User.findOne.then.data (/Users/ruanxiaoquan/project/qingqujun-server/service/account/UserService.js:34:31)
    at tryCatcher (/Users/ruanxiaoquan/project/qingqujun-server/node_modules/bluebird/js/release/util.js:16:23)
    at Promise.module.exports.Promise._settlePromiseFromHandler (/Users/ruanxiaoquan/project/qingqujun-server/node_modules/bluebird/js/release/promise.js:510:31)
    at Promise.module.exports.Promise._settlePromise (/Users/ruanxiaoquan/project/qingqujun-server/node_modules/bluebird/js/release/promise.js:567:18)
    at Promise.module.exports.Promise._settlePromise0 (/Users/ruanxiaoquan/project/qingqujun-server/node_modules/bluebird/js/release/promise.js:612:10)
    at Promise.module.exports.Promise._settlePromises (/Users/ruanxiaoquan/project/qingqujun-server/node_modules/bluebird/js/release/promise.js:691:18)
    at Async._drainQueue (/Users/ruanxiaoquan/project/qingqujun-server/node_modules/bluebird/js/release/async.js:133:16)
    at Async._drainQueues (/Users/ruanxiaoquan/project/qingqujun-server/node_modules/bluebird/js/release/async.js:143:10)
    at Immediate.__dirname.Async.drainQueues (/Users/ruanxiaoquan/project/qingqujun-server/node_modules/bluebird/js/release/async.js:17:14)
    at runCallback (timers.js:651:20)
    at tryOnImmediate (timers.js:624:5)
    at processImmediate [as _immediateCallback] (timers.js:596:5)
[2017-02-27 15:11:13.701] [INFO] npm install sequelize logger - ::ffff:127.0.0.1 - - "POST /account/login HTTP/1.1" 200 45 "" "qingqujun/1 CFNetwork/808.2.16 Darwin/16.3.0"
[2017-02-27 15:16:51.871] [ERROR] UserService - 登录失败 TypeError: Cannot read property 'password' of null
    at self.userLogin.db.User.findOne.then.data (/Users/ruanxiaoquan/project/qingqujun-server/service/account/UserService.js:34:31)
    at tryCatcher (/Users/ruanxiaoquan/project/qingqujun-server/node_modules/bluebird/js/release/util.js:16:23)
    at Promise.module.exports.Promise._settlePromiseFromHandler (/Users/ruanxiaoquan/project/qingqujun-server/node_modules/bluebird/js/release/promise.js:510:31)
    at Promise.module.exports.Promise._settlePromise (/Users/ruanxiaoquan/project/qingqujun-server/node_modules/bluebird/js/release/promise.js:567:18)
    at Promise.module.exports.Promise._settlePromise0 (/Users/ruanxiaoquan/project/qingqujun-server/node_modules/bluebird/js/release/promise.js:612:10)
    at Promise.module.exports.Promise._settlePromises (/Users/ruanxiaoquan/project/qingqujun-server/node_modules/bluebird/js/release/promise.js:691:18)
    at Async._drainQueue (/Users/ruanxiaoquan/project/qingqujun-server/node_modules/bluebird/js/release/async.js:133:16)
    at Async._drainQueues (/Users/ruanxiaoquan/project/qingqujun-server/node_modules/bluebird/js/release/async.js:143:10)
    at Immediate.__dirname.Async.drainQueues (/Users/ruanxiaoquan/project/qingqujun-server/node_modules/bluebird/js/release/async.js:17:14)
    at runCallback (timers.js:651:20)
    at tryOnImmediate (timers.js:624:5)
    at processImmediate [as _immediateCallback] (timers.js:596:5)
[2017-02-27 15:16:51.874] [INFO] npm install sequelize logger - ::ffff:127.0.0.1 - - "POST /account/login HTTP/1.1" 200 45 "" "qingqujun/1 CFNetwork/808.2.16 Darwin/16.3.0"
[2017-02-27 15:18:03.912] [ERROR] UserService - 登录失败 TypeError: Cannot read property 'password' of null
    at self.userLogin.db.User.findOne.then.data (/Users/ruanxiaoquan/project/qingqujun-server/service/account/UserService.js:34:31)
    at tryCatcher (/Users/ruanxiaoquan/project/qingqujun-server/node_modules/bluebird/js/release/util.js:16:23)
    at Promise.module.exports.Promise._settlePromiseFromHandler (/Users/ruanxiaoquan/project/qingqujun-server/node_modules/bluebird/js/release/promise.js:510:31)
    at Promise.module.exports.Promise._settlePromise (/Users/ruanxiaoquan/project/qingqujun-server/node_modules/bluebird/js/release/promise.js:567:18)
    at Promise.module.exports.Promise._settlePromise0 (/Users/ruanxiaoquan/project/qingqujun-server/node_modules/bluebird/js/release/promise.js:612:10)
    at Promise.module.exports.Promise._settlePromises (/Users/ruanxiaoquan/project/qingqujun-server/node_modules/bluebird/js/release/promise.js:691:18)
    at Async._drainQueue (/Users/ruanxiaoquan/project/qingqujun-server/node_modules/bluebird/js/release/async.js:133:16)
    at Async._drainQueues (/Users/ruanxiaoquan/project/qingqujun-server/node_modules/bluebird/js/release/async.js:143:10)
    at Immediate.__dirname.Async.drainQueues (/Users/ruanxiaoquan/project/qingqujun-server/node_modules/bluebird/js/release/async.js:17:14)
    at runCallback (timers.js:651:20)
    at tryOnImmediate (timers.js:624:5)
    at processImmediate [as _immediateCallback] (timers.js:596:5)
[2017-02-27 15:18:03.926] [INFO] npm install sequelize logger - ::ffff:127.0.0.1 - - "POST /account/login HTTP/1.1" 200 45 "" "qingqujun/1 CFNetwork/808.2.16 Darwin/16.3.0"
[2017-02-27 15:19:20.604] [ERROR] UserService - 登录失败 TypeError: Cannot read property 'password' of null
    at self.userLogin.db.User.findOne.then.data (/Users/ruanxiaoquan/project/qingqujun-server/service/account/UserService.js:34:31)
    at tryCatcher (/Users/ruanxiaoquan/project/qingqujun-server/node_modules/bluebird/js/release/util.js:16:23)
    at Promise.module.exports.Promise._settlePromiseFromHandler (/Users/ruanxiaoquan/project/qingqujun-server/node_modules/bluebird/js/release/promise.js:510:31)
    at Promise.module.exports.Promise._settlePromise (/Users/ruanxiaoquan/project/qingqujun-server/node_modules/bluebird/js/release/promise.js:567:18)
    at Promise.module.exports.Promise._settlePromise0 (/Users/ruanxiaoquan/project/qingqujun-server/node_modules/bluebird/js/release/promise.js:612:10)
    at Promise.module.exports.Promise._settlePromises (/Users/ruanxiaoquan/project/qingqujun-server/node_modules/bluebird/js/release/promise.js:691:18)
    at Async._drainQueue (/Users/ruanxiaoquan/project/qingqujun-server/node_modules/bluebird/js/release/async.js:133:16)
    at Async._drainQueues (/Users/ruanxiaoquan/project/qingqujun-server/node_modules/bluebird/js/release/async.js:143:10)
    at Immediate.__dirname.Async.drainQueues (/Users/ruanxiaoquan/project/qingqujun-server/node_modules/bluebird/js/release/async.js:17:14)
    at runCallback (timers.js:651:20)
    at tryOnImmediate (timers.js:624:5)
    at processImmediate [as _immediateCallback] (timers.js:596:5)
[2017-02-27 15:19:20.623] [INFO] npm install sequelize logger - ::ffff:127.0.0.1 - - "POST /account/login HTTP/1.1" 200 45 "" "qingqujun/1 CFNetwork/808.2.16 Darwin/16.3.0"
[2017-02-27 15:20:45.959] [ERROR] UserService - 登录失败 TypeError: Cannot read property 'password' of null
    at self.userLogin.db.User.findOne.then.data (/Users/ruanxiaoquan/project/qingqujun-server/service/account/UserService.js:34:31)
    at tryCatcher (/Users/ruanxiaoquan/project/qingqujun-server/node_modules/bluebird/js/release/util.js:16:23)
    at Promise.module.exports.Promise._settlePromiseFromHandler (/Users/ruanxiaoquan/project/qingqujun-server/node_modules/bluebird/js/release/promise.js:510:31)
    at Promise.module.exports.Promise._settlePromise (/Users/ruanxiaoquan/project/qingqujun-server/node_modules/bluebird/js/release/promise.js:567:18)
    at Promise.module.exports.Promise._settlePromise0 (/Users/ruanxiaoquan/project/qingqujun-server/node_modules/bluebird/js/release/promise.js:612:10)
    at Promise.module.exports.Promise._settlePromises (/Users/ruanxiaoquan/project/qingqujun-server/node_modules/bluebird/js/release/promise.js:691:18)
    at Async._drainQueue (/Users/ruanxiaoquan/project/qingqujun-server/node_modules/bluebird/js/release/async.js:133:16)
    at Async._drainQueues (/Users/ruanxiaoquan/project/qingqujun-server/node_modules/bluebird/js/release/async.js:143:10)
    at Immediate.__dirname.Async.drainQueues (/Users/ruanxiaoquan/project/qingqujun-server/node_modules/bluebird/js/release/async.js:17:14)
    at runCallback (timers.js:651:20)
    at tryOnImmediate (timers.js:624:5)
    at processImmediate [as _immediateCallback] (timers.js:596:5)
[2017-02-27 15:20:45.975] [INFO] npm install sequelize logger - ::ffff:127.0.0.1 - - "POST /account/login HTTP/1.1" 200 45 "" "qingqujun/1 CFNetwork/808.2.16 Darwin/16.3.0"
[2017-02-27 15:22:27.730] [ERROR] UserService - 登录失败 TypeError: Cannot read property 'password' of null
    at self.userLogin.db.User.findOne.then.data (/Users/ruanxiaoquan/project/qingqujun-server/service/account/UserService.js:34:31)
    at tryCatcher (/Users/ruanxiaoquan/project/qingqujun-server/node_modules/bluebird/js/release/util.js:16:23)
    at Promise.module.exports.Promise._settlePromiseFromHandler (/Users/ruanxiaoquan/project/qingqujun-server/node_modules/bluebird/js/release/promise.js:510:31)
    at Promise.module.exports.Promise._settlePromise (/Users/ruanxiaoquan/project/qingqujun-server/node_modules/bluebird/js/release/promise.js:567:18)
    at Promise.module.exports.Promise._settlePromise0 (/Users/ruanxiaoquan/project/qingqujun-server/node_modules/bluebird/js/release/promise.js:612:10)
    at Promise.module.exports.Promise._settlePromises (/Users/ruanxiaoquan/project/qingqujun-server/node_modules/bluebird/js/release/promise.js:691:18)
    at Async._drainQueue (/Users/ruanxiaoquan/project/qingqujun-server/node_modules/bluebird/js/release/async.js:133:16)
    at Async._drainQueues (/Users/ruanxiaoquan/project/qingqujun-server/node_modules/bluebird/js/release/async.js:143:10)
    at Immediate.__dirname.Async.drainQueues (/Users/ruanxiaoquan/project/qingqujun-server/node_modules/bluebird/js/release/async.js:17:14)
    at runCallback (timers.js:651:20)
    at tryOnImmediate (timers.js:624:5)
    at processImmediate [as _immediateCallback] (timers.js:596:5)
[2017-02-27 15:22:27.733] [INFO] npm install sequelize logger - ::ffff:127.0.0.1 - - "POST /account/login HTTP/1.1" 200 45 "" "qingqujun/1 CFNetwork/808.2.16 Darwin/16.3.0"
[2017-02-27 15:23:46.107] [ERROR] UserService - 登录失败 TypeError: Cannot read property 'password' of null
    at self.userLogin.db.User.findOne.then.data (/Users/ruanxiaoquan/project/qingqujun-server/service/account/UserService.js:34:31)
    at tryCatcher (/Users/ruanxiaoquan/project/qingqujun-server/node_modules/bluebird/js/release/util.js:16:23)
    at Promise.module.exports.Promise._settlePromiseFromHandler (/Users/ruanxiaoquan/project/qingqujun-server/node_modules/bluebird/js/release/promise.js:510:31)
    at Promise.module.exports.Promise._settlePromise (/Users/ruanxiaoquan/project/qingqujun-server/node_modules/bluebird/js/release/promise.js:567:18)
    at Promise.module.exports.Promise._settlePromise0 (/Users/ruanxiaoquan/project/qingqujun-server/node_modules/bluebird/js/release/promise.js:612:10)
    at Promise.module.exports.Promise._settlePromises (/Users/ruanxiaoquan/project/qingqujun-server/node_modules/bluebird/js/release/promise.js:691:18)
    at Async._drainQueue (/Users/ruanxiaoquan/project/qingqujun-server/node_modules/bluebird/js/release/async.js:133:16)
    at Async._drainQueues (/Users/ruanxiaoquan/project/qingqujun-server/node_modules/bluebird/js/release/async.js:143:10)
    at Immediate.__dirname.Async.drainQueues (/Users/ruanxiaoquan/project/qingqujun-server/node_modules/bluebird/js/release/async.js:17:14)
    at runCallback (timers.js:651:20)
    at tryOnImmediate (timers.js:624:5)
    at processImmediate [as _immediateCallback] (timers.js:596:5)
[2017-02-27 15:23:46.115] [INFO] npm install sequelize logger - ::ffff:127.0.0.1 - - "POST /account/login HTTP/1.1" 200 45 "" "qingqujun/1 CFNetwork/808.2.16 Darwin/16.3.0"
[2017-02-27 15:25:03.748] [ERROR] UserService - 登录失败 TypeError: Cannot read property 'password' of null
    at self.userLogin.db.User.findOne.then.data (/Users/ruanxiaoquan/project/qingqujun-server/service/account/UserService.js:34:31)
    at tryCatcher (/Users/ruanxiaoquan/project/qingqujun-server/node_modules/bluebird/js/release/util.js:16:23)
    at Promise.module.exports.Promise._settlePromiseFromHandler (/Users/ruanxiaoquan/project/qingqujun-server/node_modules/bluebird/js/release/promise.js:510:31)
    at Promise.module.exports.Promise._settlePromise (/Users/ruanxiaoquan/project/qingqujun-server/node_modules/bluebird/js/release/promise.js:567:18)
    at Promise.module.exports.Promise._settlePromise0 (/Users/ruanxiaoquan/project/qingqujun-server/node_modules/bluebird/js/release/promise.js:612:10)
    at Promise.module.exports.Promise._settlePromises (/Users/ruanxiaoquan/project/qingqujun-server/node_modules/bluebird/js/release/promise.js:691:18)
    at Async._drainQueue (/Users/ruanxiaoquan/project/qingqujun-server/node_modules/bluebird/js/release/async.js:133:16)
    at Async._drainQueues (/Users/ruanxiaoquan/project/qingqujun-server/node_modules/bluebird/js/release/async.js:143:10)
    at Immediate.__dirname.Async.drainQueues (/Users/ruanxiaoquan/project/qingqujun-server/node_modules/bluebird/js/release/async.js:17:14)
    at runCallback (timers.js:651:20)
    at tryOnImmediate (timers.js:624:5)
    at processImmediate [as _immediateCallback] (timers.js:596:5)
[2017-02-27 15:25:03.752] [INFO] npm install sequelize logger - ::ffff:127.0.0.1 - - "POST /account/login HTTP/1.1" 200 45 "" "qingqujun/1 CFNetwork/808.2.16 Darwin/16.3.0"
[2017-02-27 15:25:08.948] [ERROR] UserService - 登录失败 TypeError: Cannot read property 'password' of null
    at self.userLogin.db.User.findOne.then.data (/Users/ruanxiaoquan/project/qingqujun-server/service/account/UserService.js:34:31)
    at tryCatcher (/Users/ruanxiaoquan/project/qingqujun-server/node_modules/bluebird/js/release/util.js:16:23)
    at Promise.module.exports.Promise._settlePromiseFromHandler (/Users/ruanxiaoquan/project/qingqujun-server/node_modules/bluebird/js/release/promise.js:510:31)
    at Promise.module.exports.Promise._settlePromise (/Users/ruanxiaoquan/project/qingqujun-server/node_modules/bluebird/js/release/promise.js:567:18)
    at Promise.module.exports.Promise._settlePromise0 (/Users/ruanxiaoquan/project/qingqujun-server/node_modules/bluebird/js/release/promise.js:612:10)
    at Promise.module.exports.Promise._settlePromises (/Users/ruanxiaoquan/project/qingqujun-server/node_modules/bluebird/js/release/promise.js:691:18)
    at Async._drainQueue (/Users/ruanxiaoquan/project/qingqujun-server/node_modules/bluebird/js/release/async.js:133:16)
    at Async._drainQueues (/Users/ruanxiaoquan/project/qingqujun-server/node_modules/bluebird/js/release/async.js:143:10)
    at Immediate.__dirname.Async.drainQueues (/Users/ruanxiaoquan/project/qingqujun-server/node_modules/bluebird/js/release/async.js:17:14)
    at runCallback (timers.js:651:20)
    at tryOnImmediate (timers.js:624:5)
    at processImmediate [as _immediateCallback] (timers.js:596:5)
[2017-02-27 15:25:08.949] [INFO] npm install sequelize logger - ::ffff:127.0.0.1 - - "POST /account/login HTTP/1.1" 200 45 "" "qingqujun/1 CFNetwork/808.2.16 Darwin/16.3.0"
[2017-02-27 15:25:13.963] [ERROR] UserService - 登录失败 TypeError: Cannot read property 'password' of null
    at self.userLogin.db.User.findOne.then.data (/Users/ruanxiaoquan/project/qingqujun-server/service/account/UserService.js:34:31)
    at tryCatcher (/Users/ruanxiaoquan/project/qingqujun-server/node_modules/bluebird/js/release/util.js:16:23)
    at Promise.module.exports.Promise._settlePromiseFromHandler (/Users/ruanxiaoquan/project/qingqujun-server/node_modules/bluebird/js/release/promise.js:510:31)
    at Promise.module.exports.Promise._settlePromise (/Users/ruanxiaoquan/project/qingqujun-server/node_modules/bluebird/js/release/promise.js:567:18)
    at Promise.module.exports.Promise._settlePromise0 (/Users/ruanxiaoquan/project/qingqujun-server/node_modules/bluebird/js/release/promise.js:612:10)
    at Promise.module.exports.Promise._settlePromises (/Users/ruanxiaoquan/project/qingqujun-server/node_modules/bluebird/js/release/promise.js:691:18)
    at Async._drainQueue (/Users/ruanxiaoquan/project/qingqujun-server/node_modules/bluebird/js/release/async.js:133:16)
    at Async._drainQueues (/Users/ruanxiaoquan/project/qingqujun-server/node_modules/bluebird/js/release/async.js:143:10)
    at Immediate.__dirname.Async.drainQueues (/Users/ruanxiaoquan/project/qingqujun-server/node_modules/bluebird/js/release/async.js:17:14)
    at runCallback (timers.js:651:20)
    at tryOnImmediate (timers.js:624:5)
    at processImmediate [as _immediateCallback] (timers.js:596:5)
[2017-02-27 15:25:13.965] [INFO] npm install sequelize logger - ::ffff:127.0.0.1 - - "POST /account/login HTTP/1.1" 200 45 "" "qingqujun/1 CFNetwork/808.2.16 Darwin/16.3.0"
[2017-02-27 15:25:33.986] [ERROR] UserService - 登录失败 TypeError: Cannot read property 'password' of null
    at self.userLogin.db.User.findOne.then.data (/Users/ruanxiaoquan/project/qingqujun-server/service/account/UserService.js:34:31)
    at tryCatcher (/Users/ruanxiaoquan/project/qingqujun-server/node_modules/bluebird/js/release/util.js:16:23)
    at Promise.module.exports.Promise._settlePromiseFromHandler (/Users/ruanxiaoquan/project/qingqujun-server/node_modules/bluebird/js/release/promise.js:510:31)
    at Promise.module.exports.Promise._settlePromise (/Users/ruanxiaoquan/project/qingqujun-server/node_modules/bluebird/js/release/promise.js:567:18)
    at Promise.module.exports.Promise._settlePromise0 (/Users/ruanxiaoquan/project/qingqujun-server/node_modules/bluebird/js/release/promise.js:612:10)
    at Promise.module.exports.Promise._settlePromises (/Users/ruanxiaoquan/project/qingqujun-server/node_modules/bluebird/js/release/promise.js:691:18)
    at Async._drainQueue (/Users/ruanxiaoquan/project/qingqujun-server/node_modules/bluebird/js/release/async.js:133:16)
    at Async._drainQueues (/Users/ruanxiaoquan/project/qingqujun-server/node_modules/bluebird/js/release/async.js:143:10)
    at Immediate.__dirname.Async.drainQueues (/Users/ruanxiaoquan/project/qingqujun-server/node_modules/bluebird/js/release/async.js:17:14)
    at runCallback (timers.js:651:20)
    at tryOnImmediate (timers.js:624:5)
    at processImmediate [as _immediateCallback] (timers.js:596:5)
[2017-02-27 15:25:33.988] [INFO] npm install sequelize logger - ::ffff:127.0.0.1 - - "POST /account/login HTTP/1.1" 200 45 "" "qingqujun/1 CFNetwork/808.2.16 Darwin/16.3.0"
[2017-02-27 15:25:59.524] [INFO] npm install sequelize logger - ::ffff:127.0.0.1 - - "POST /account/login HTTP/1.1" 200 39 "" "qingqujun/1 CFNetwork/808.2.16 Darwin/16.3.0"
[2017-02-27 15:26:03.166] [INFO] npm install sequelize logger - ::ffff:127.0.0.1 - - "POST /account/login HTTP/1.1" 200 39 "" "qingqujun/1 CFNetwork/808.2.16 Darwin/16.3.0"
[2017-02-27 15:26:09.189] [INFO] npm install sequelize logger - ::ffff:127.0.0.1 - - "POST /account/login HTTP/1.1" 200 39 "" "qingqujun/1 CFNetwork/808.2.16 Darwin/16.3.0"
[2017-02-27 15:26:17.093] [ERROR] UserService - 登录失败 TypeError: Cannot read property 'password' of null
    at self.userLogin.db.User.findOne.then.data (/Users/ruanxiaoquan/project/qingqujun-server/service/account/UserService.js:34:31)
    at tryCatcher (/Users/ruanxiaoquan/project/qingqujun-server/node_modules/bluebird/js/release/util.js:16:23)
    at Promise.module.exports.Promise._settlePromiseFromHandler (/Users/ruanxiaoquan/project/qingqujun-server/node_modules/bluebird/js/release/promise.js:510:31)
    at Promise.module.exports.Promise._settlePromise (/Users/ruanxiaoquan/project/qingqujun-server/node_modules/bluebird/js/release/promise.js:567:18)
    at Promise.module.exports.Promise._settlePromise0 (/Users/ruanxiaoquan/project/qingqujun-server/node_modules/bluebird/js/release/promise.js:612:10)
    at Promise.module.exports.Promise._settlePromises (/Users/ruanxiaoquan/project/qingqujun-server/node_modules/bluebird/js/release/promise.js:691:18)
    at Async._drainQueue (/Users/ruanxiaoquan/project/qingqujun-server/node_modules/bluebird/js/release/async.js:133:16)
    at Async._drainQueues (/Users/ruanxiaoquan/project/qingqujun-server/node_modules/bluebird/js/release/async.js:143:10)
    at Immediate.__dirname.Async.drainQueues (/Users/ruanxiaoquan/project/qingqujun-server/node_modules/bluebird/js/release/async.js:17:14)
    at runCallback (timers.js:651:20)
    at tryOnImmediate (timers.js:624:5)
    at processImmediate [as _immediateCallback] (timers.js:596:5)
[2017-02-27 15:26:17.095] [INFO] npm install sequelize logger - ::ffff:127.0.0.1 - - "POST /account/login HTTP/1.1" 200 45 "" "qingqujun/1 CFNetwork/808.2.16 Darwin/16.3.0"
[2017-02-27 15:26:21.234] [ERROR] UserService - 登录失败 TypeError: Cannot read property 'password' of null
    at self.userLogin.db.User.findOne.then.data (/Users/ruanxiaoquan/project/qingqujun-server/service/account/UserService.js:34:31)
    at tryCatcher (/Users/ruanxiaoquan/project/qingqujun-server/node_modules/bluebird/js/release/util.js:16:23)
    at Promise.module.exports.Promise._settlePromiseFromHandler (/Users/ruanxiaoquan/project/qingqujun-server/node_modules/bluebird/js/release/promise.js:510:31)
    at Promise.module.exports.Promise._settlePromise (/Users/ruanxiaoquan/project/qingqujun-server/node_modules/bluebird/js/release/promise.js:567:18)
    at Promise.module.exports.Promise._settlePromise0 (/Users/ruanxiaoquan/project/qingqujun-server/node_modules/bluebird/js/release/promise.js:612:10)
    at Promise.module.exports.Promise._settlePromises (/Users/ruanxiaoquan/project/qingqujun-server/node_modules/bluebird/js/release/promise.js:691:18)
    at Async._drainQueue (/Users/ruanxiaoquan/project/qingqujun-server/node_modules/bluebird/js/release/async.js:133:16)
    at Async._drainQueues (/Users/ruanxiaoquan/project/qingqujun-server/node_modules/bluebird/js/release/async.js:143:10)
    at Immediate.__dirname.Async.drainQueues (/Users/ruanxiaoquan/project/qingqujun-server/node_modules/bluebird/js/release/async.js:17:14)
    at runCallback (timers.js:651:20)
    at tryOnImmediate (timers.js:624:5)
    at processImmediate [as _immediateCallback] (timers.js:596:5)
[2017-02-27 15:26:21.238] [INFO] npm install sequelize logger - ::ffff:127.0.0.1 - - "POST /account/login HTTP/1.1" 200 45 "" "qingqujun/1 CFNetwork/808.2.16 Darwin/16.3.0"
[2017-02-27 15:26:30.847] [INFO] npm install sequelize logger - ::ffff:127.0.0.1 - - "POST /account/login HTTP/1.1" 200 39 "" "qingqujun/1 CFNetwork/808.2.16 Darwin/16.3.0"
[2017-02-27 15:26:34.546] [INFO] npm install sequelize logger - ::ffff:127.0.0.1 - - "POST /account/login HTTP/1.1" 200 39 "" "qingqujun/1 CFNetwork/808.2.16 Darwin/16.3.0"
[2017-02-27 15:27:13.888] [INFO] npm install sequelize logger - ::ffff:127.0.0.1 - - "POST /account/login HTTP/1.1" 200 39 "" "qingqujun/1 CFNetwork/808.2.16 Darwin/16.3.0"
[2017-02-27 15:27:39.433] [INFO] npm install sequelize logger - ::ffff:127.0.0.1 - - "POST /account/login HTTP/1.1" 200 45 "" "qingqujun/1 CFNetwork/808.2.16 Darwin/16.3.0"
[2017-02-27 15:27:47.286] [INFO] npm install sequelize logger - ::ffff:127.0.0.1 - - "POST /account/login HTTP/1.1" 200 45 "" "qingqujun/1 CFNetwork/808.2.16 Darwin/16.3.0"
[2017-02-27 15:27:51.872] [INFO] npm install sequelize logger - ::ffff:127.0.0.1 - - "POST /account/login HTTP/1.1" 200 45 "" "qingqujun/1 CFNetwork/808.2.16 Darwin/16.3.0"
[2017-02-27 15:28:02.041] [INFO] npm install sequelize logger - ::ffff:127.0.0.1 - - "POST /account/login HTTP/1.1" 200 45 "" "qingqujun/1 CFNetwork/808.2.16 Darwin/16.3.0"
[2017-02-27 15:28:09.269] [INFO] npm install sequelize logger - ::ffff:127.0.0.1 - - "POST /account/login HTTP/1.1" 200 45 "" "qingqujun/1 CFNetwork/808.2.16 Darwin/16.3.0"
[2017-02-27 15:29:53.635] [ERROR] UserService - 登录失败 TypeError: Cannot read property 'password' of null
    at self.userLogin.db.User.findOne.then.data (/Users/ruanxiaoquan/project/qingqujun-server/service/account/UserService.js:34:31)
    at tryCatcher (/Users/ruanxiaoquan/project/qingqujun-server/node_modules/bluebird/js/release/util.js:16:23)
    at Promise.module.exports.Promise._settlePromiseFromHandler (/Users/ruanxiaoquan/project/qingqujun-server/node_modules/bluebird/js/release/promise.js:510:31)
    at Promise.module.exports.Promise._settlePromise (/Users/ruanxiaoquan/project/qingqujun-server/node_modules/bluebird/js/release/promise.js:567:18)
    at Promise.module.exports.Promise._settlePromise0 (/Users/ruanxiaoquan/project/qingqujun-server/node_modules/bluebird/js/release/promise.js:612:10)
    at Promise.module.exports.Promise._settlePromises (/Users/ruanxiaoquan/project/qingqujun-server/node_modules/bluebird/js/release/promise.js:691:18)
    at Async._drainQueue (/Users/ruanxiaoquan/project/qingqujun-server/node_modules/bluebird/js/release/async.js:133:16)
    at Async._drainQueues (/Users/ruanxiaoquan/project/qingqujun-server/node_modules/bluebird/js/release/async.js:143:10)
    at Immediate.__dirname.Async.drainQueues (/Users/ruanxiaoquan/project/qingqujun-server/node_modules/bluebird/js/release/async.js:17:14)
    at runCallback (timers.js:651:20)
    at tryOnImmediate (timers.js:624:5)
    at processImmediate [as _immediateCallback] (timers.js:596:5)
[2017-02-27 15:29:53.640] [INFO] npm install sequelize logger - ::ffff:127.0.0.1 - - "POST /account/login HTTP/1.1" 200 45 "" "qingqujun/1 CFNetwork/808.2.16 Darwin/16.3.0"
[2017-02-27 15:30:06.112] [INFO] npm install sequelize logger - ::ffff:127.0.0.1 - - "POST /account/login HTTP/1.1" 200 45 "" "qingqujun/1 CFNetwork/808.2.16 Darwin/16.3.0"
[2017-02-27 15:30:18.046] [INFO] npm install sequelize logger - ::ffff:127.0.0.1 - - "POST /account/login HTTP/1.1" 200 45 "" "qingqujun/1 CFNetwork/808.2.16 Darwin/16.3.0"
[2017-02-27 15:30:26.898] [INFO] npm install sequelize logger - ::ffff:127.0.0.1 - - "POST /account/login HTTP/1.1" 200 45 "" "qingqujun/1 CFNetwork/808.2.16 Darwin/16.3.0"
[2017-02-27 15:31:17.361] [ERROR] UserService - 登录失败 TypeError: Cannot read property 'password' of null
    at self.userLogin.db.User.findOne.then.data (/Users/ruanxiaoquan/project/qingqujun-server/service/account/UserService.js:34:31)
    at tryCatcher (/Users/ruanxiaoquan/project/qingqujun-server/node_modules/bluebird/js/release/util.js:16:23)
    at Promise.module.exports.Promise._settlePromiseFromHandler (/Users/ruanxiaoquan/project/qingqujun-server/node_modules/bluebird/js/release/promise.js:510:31)
    at Promise.module.exports.Promise._settlePromise (/Users/ruanxiaoquan/project/qingqujun-server/node_modules/bluebird/js/release/promise.js:567:18)
    at Promise.module.exports.Promise._settlePromise0 (/Users/ruanxiaoquan/project/qingqujun-server/node_modules/bluebird/js/release/promise.js:612:10)
    at Promise.module.exports.Promise._settlePromises (/Users/ruanxiaoquan/project/qingqujun-server/node_modules/bluebird/js/release/promise.js:691:18)
    at Async._drainQueue (/Users/ruanxiaoquan/project/qingqujun-server/node_modules/bluebird/js/release/async.js:133:16)
    at Async._drainQueues (/Users/ruanxiaoquan/project/qingqujun-server/node_modules/bluebird/js/release/async.js:143:10)
    at Immediate.__dirname.Async.drainQueues (/Users/ruanxiaoquan/project/qingqujun-server/node_modules/bluebird/js/release/async.js:17:14)
    at runCallback (timers.js:651:20)
    at tryOnImmediate (timers.js:624:5)
    at processImmediate [as _immediateCallback] (timers.js:596:5)
[2017-02-27 15:31:17.366] [INFO] npm install sequelize logger - ::ffff:127.0.0.1 - - "POST /account/login HTTP/1.1" 200 45 "" "qingqujun/1 CFNetwork/808.2.16 Darwin/16.3.0"
[2017-02-27 15:31:50.691] [ERROR] UserService - 登录失败 TypeError: Cannot read property 'password' of null
    at self.userLogin.db.User.findOne.then.data (/Users/ruanxiaoquan/project/qingqujun-server/service/account/UserService.js:34:31)
    at tryCatcher (/Users/ruanxiaoquan/project/qingqujun-server/node_modules/bluebird/js/release/util.js:16:23)
    at Promise.module.exports.Promise._settlePromiseFromHandler (/Users/ruanxiaoquan/project/qingqujun-server/node_modules/bluebird/js/release/promise.js:510:31)
    at Promise.module.exports.Promise._settlePromise (/Users/ruanxiaoquan/project/qingqujun-server/node_modules/bluebird/js/release/promise.js:567:18)
    at Promise.module.exports.Promise._settlePromise0 (/Users/ruanxiaoquan/project/qingqujun-server/node_modules/bluebird/js/release/promise.js:612:10)
    at Promise.module.exports.Promise._settlePromises (/Users/ruanxiaoquan/project/qingqujun-server/node_modules/bluebird/js/release/promise.js:691:18)
    at Async._drainQueue (/Users/ruanxiaoquan/project/qingqujun-server/node_modules/bluebird/js/release/async.js:133:16)
    at Async._drainQueues (/Users/ruanxiaoquan/project/qingqujun-server/node_modules/bluebird/js/release/async.js:143:10)
    at Immediate.__dirname.Async.drainQueues (/Users/ruanxiaoquan/project/qingqujun-server/node_modules/bluebird/js/release/async.js:17:14)
    at runCallback (timers.js:651:20)
    at tryOnImmediate (timers.js:624:5)
    at processImmediate [as _immediateCallback] (timers.js:596:5)
[2017-02-27 15:31:50.693] [INFO] npm install sequelize logger - ::ffff:127.0.0.1 - - "POST /account/login HTTP/1.1" 200 45 "" "qingqujun/1 CFNetwork/808.2.16 Darwin/16.3.0"
[2017-02-27 15:33:05.182] [ERROR] UserService - 登录失败 TypeError: Cannot read property 'password' of null
    at self.userLogin.db.User.findOne.then.data (/Users/ruanxiaoquan/project/qingqujun-server/service/account/UserService.js:34:31)
    at tryCatcher (/Users/ruanxiaoquan/project/qingqujun-server/node_modules/bluebird/js/release/util.js:16:23)
    at Promise.module.exports.Promise._settlePromiseFromHandler (/Users/ruanxiaoquan/project/qingqujun-server/node_modules/bluebird/js/release/promise.js:510:31)
    at Promise.module.exports.Promise._settlePromise (/Users/ruanxiaoquan/project/qingqujun-server/node_modules/bluebird/js/release/promise.js:567:18)
    at Promise.module.exports.Promise._settlePromise0 (/Users/ruanxiaoquan/project/qingqujun-server/node_modules/bluebird/js/release/promise.js:612:10)
    at Promise.module.exports.Promise._settlePromises (/Users/ruanxiaoquan/project/qingqujun-server/node_modules/bluebird/js/release/promise.js:691:18)
    at Async._drainQueue (/Users/ruanxiaoquan/project/qingqujun-server/node_modules/bluebird/js/release/async.js:133:16)
    at Async._drainQueues (/Users/ruanxiaoquan/project/qingqujun-server/node_modules/bluebird/js/release/async.js:143:10)
    at Immediate.__dirname.Async.drainQueues (/Users/ruanxiaoquan/project/qingqujun-server/node_modules/bluebird/js/release/async.js:17:14)
    at runCallback (timers.js:651:20)
    at tryOnImmediate (timers.js:624:5)
    at processImmediate [as _immediateCallback] (timers.js:596:5)
[2017-02-27 15:33:05.184] [INFO] npm install sequelize logger - ::ffff:127.0.0.1 - - "POST /account/login HTTP/1.1" 200 45 "" "qingqujun/1 CFNetwork/808.2.16 Darwin/16.3.0"
[2017-02-27 15:33:18.960] [ERROR] UserService - 登录失败 TypeError: Cannot read property 'password' of null
    at self.userLogin.db.User.findOne.then.data (/Users/ruanxiaoquan/project/qingqujun-server/service/account/UserService.js:34:31)
    at tryCatcher (/Users/ruanxiaoquan/project/qingqujun-server/node_modules/bluebird/js/release/util.js:16:23)
    at Promise.module.exports.Promise._settlePromiseFromHandler (/Users/ruanxiaoquan/project/qingqujun-server/node_modules/bluebird/js/release/promise.js:510:31)
    at Promise.module.exports.Promise._settlePromise (/Users/ruanxiaoquan/project/qingqujun-server/node_modules/bluebird/js/release/promise.js:567:18)
    at Promise.module.exports.Promise._settlePromise0 (/Users/ruanxiaoquan/project/qingqujun-server/node_modules/bluebird/js/release/promise.js:612:10)
    at Promise.module.exports.Promise._settlePromises (/Users/ruanxiaoquan/project/qingqujun-server/node_modules/bluebird/js/release/promise.js:691:18)
    at Async._drainQueue (/Users/ruanxiaoquan/project/qingqujun-server/node_modules/bluebird/js/release/async.js:133:16)
    at Async._drainQueues (/Users/ruanxiaoquan/project/qingqujun-server/node_modules/bluebird/js/release/async.js:143:10)
    at Immediate.__dirname.Async.drainQueues (/Users/ruanxiaoquan/project/qingqujun-server/node_modules/bluebird/js/release/async.js:17:14)
    at runCallback (timers.js:651:20)
    at tryOnImmediate (timers.js:624:5)
    at processImmediate [as _immediateCallback] (timers.js:596:5)
[2017-02-27 15:33:18.962] [INFO] npm install sequelize logger - ::ffff:127.0.0.1 - - "POST /account/login HTTP/1.1" 200 45 "" "qingqujun/1 CFNetwork/808.2.16 Darwin/16.3.0"
[2017-02-27 15:33:27.420] [ERROR] UserService - 登录失败 TypeError: Cannot read property 'password' of null
    at self.userLogin.db.User.findOne.then.data (/Users/ruanxiaoquan/project/qingqujun-server/service/account/UserService.js:34:31)
    at tryCatcher (/Users/ruanxiaoquan/project/qingqujun-server/node_modules/bluebird/js/release/util.js:16:23)
    at Promise.module.exports.Promise._settlePromiseFromHandler (/Users/ruanxiaoquan/project/qingqujun-server/node_modules/bluebird/js/release/promise.js:510:31)
    at Promise.module.exports.Promise._settlePromise (/Users/ruanxiaoquan/project/qingqujun-server/node_modules/bluebird/js/release/promise.js:567:18)
    at Promise.module.exports.Promise._settlePromise0 (/Users/ruanxiaoquan/project/qingqujun-server/node_modules/bluebird/js/release/promise.js:612:10)
    at Promise.module.exports.Promise._settlePromises (/Users/ruanxiaoquan/project/qingqujun-server/node_modules/bluebird/js/release/promise.js:691:18)
    at Async._drainQueue (/Users/ruanxiaoquan/project/qingqujun-server/node_modules/bluebird/js/release/async.js:133:16)
    at Async._drainQueues (/Users/ruanxiaoquan/project/qingqujun-server/node_modules/bluebird/js/release/async.js:143:10)
    at Immediate.__dirname.Async.drainQueues (/Users/ruanxiaoquan/project/qingqujun-server/node_modules/bluebird/js/release/async.js:17:14)
    at runCallback (timers.js:651:20)
    at tryOnImmediate (timers.js:624:5)
    at processImmediate [as _immediateCallback] (timers.js:596:5)
[2017-02-27 15:33:27.426] [INFO] npm install sequelize logger - ::ffff:127.0.0.1 - - "POST /account/login HTTP/1.1" 200 45 "" "qingqujun/1 CFNetwork/808.2.16 Darwin/16.3.0"
