[2017-02-27 15:08:40.243] [ERROR] UserService - 登录失败 TypeError: Cannot read property 'password' of null
    at self.userLogin.db.User.findOne.then.data (/Users/ruanxiaoquan/project/qingqujun-server/service/account/UserService.js:34:31)
    at tryCatcher (/Users/ruanxiaoquan/project/qingqujun-server/node_modules/bluebird/js/release/util.js:16:23)
    at Promise.module.exports.Promise._settlePromiseFromHandler (/Users/ruanxiaoquan/project/qingqujun-server/node_modules/bluebird/js/release/promise.js:510:31)
    at Promise.module.exports.Promise._settlePromise (/Users/ruanxiaoquan/project/qingqujun-server/node_modules/bluebird/js/release/promise.js:567:18)
    at Promise.module.exports.Promise._settlePromise0 (/Users/ruanxiaoquan/project/qingqujun-server/node_modules/bluebird/js/release/promise.js:612:10)
    at Promise.module.exports.Promise._settlePromises (/Users/ruanxiaoquan/project/qingqujun-server/node_modules/bluebird/js/release/promise.js:691:18)
    at Async._drainQueue (/Users/ruanxiaoquan/project/qingqujun-server/node_modules/bluebird/js/release/async.js:133:16)
    at Async._drainQueues (/Users/ruanxiaoquan/project/qingqujun-server/node_modules/bluebird/js/release/async.js:143:10)
    at Immediate.__dirname.Async.drainQueues (/Users/ruanxiaoquan/project/qingqujun-server/node_modules/bluebird/js/release/async.js:17:14)
    at runCallback (timers.js:651:20)
    at tryOnImmediate (timers.js:624:5)
    at processImmediate [as _immediateCallback] (timers.js:596:5)
[2017-02-27 15:11:13.684] [ERROR] UserService - 登录失败 TypeError: Cannot read property 'password' of null
    at self.userLogin.db.User.findOne.then.data (/Users/ruanxiaoquan/project/qingqujun-server/service/account/UserService.js:34:31)
    at tryCatcher (/Users/ruanxiaoquan/project/qingqujun-server/node_modules/bluebird/js/release/util.js:16:23)
    at Promise.module.exports.Promise._settlePromiseFromHandler (/Users/ruanxiaoquan/project/qingqujun-server/node_modules/bluebird/js/release/promise.js:510:31)
    at Promise.module.exports.Promise._settlePromise (/Users/ruanxiaoquan/project/qingqujun-server/node_modules/bluebird/js/release/promise.js:567:18)
    at Promise.module.exports.Promise._settlePromise0 (/Users/ruanxiaoquan/project/qingqujun-server/node_modules/bluebird/js/release/promise.js:612:10)
    at Promise.module.exports.Promise._settlePromises (/Users/ruanxiaoquan/project/qingqujun-server/node_modules/bluebird/js/release/promise.js:691:18)
    at Async._drainQueue (/Users/ruanxiaoquan/project/qingqujun-server/node_modules/bluebird/js/release/async.js:133:16)
    at Async._drainQueues (/Users/ruanxiaoquan/project/qingqujun-server/node_modules/bluebird/js/release/async.js:143:10)
    at Immediate.__dirname.Async.drainQueues (/Users/ruanxiaoquan/project/qingqujun-server/node_modules/bluebird/js/release/async.js:17:14)
    at runCallback (timers.js:651:20)
    at tryOnImmediate (timers.js:624:5)
    at processImmediate [as _immediateCallback] (timers.js:596:5)
[2017-02-27 15:16:51.871] [ERROR] UserService - 登录失败 TypeError: Cannot read property 'password' of null
    at self.userLogin.db.User.findOne.then.data (/Users/ruanxiaoquan/project/qingqujun-server/service/account/UserService.js:34:31)
    at tryCatcher (/Users/ruanxiaoquan/project/qingqujun-server/node_modules/bluebird/js/release/util.js:16:23)
    at Promise.module.exports.Promise._settlePromiseFromHandler (/Users/ruanxiaoquan/project/qingqujun-server/node_modules/bluebird/js/release/promise.js:510:31)
    at Promise.module.exports.Promise._settlePromise (/Users/ruanxiaoquan/project/qingqujun-server/node_modules/bluebird/js/release/promise.js:567:18)
    at Promise.module.exports.Promise._settlePromise0 (/Users/ruanxiaoquan/project/qingqujun-server/node_modules/bluebird/js/release/promise.js:612:10)
    at Promise.module.exports.Promise._settlePromises (/Users/ruanxiaoquan/project/qingqujun-server/node_modules/bluebird/js/release/promise.js:691:18)
    at Async._drainQueue (/Users/ruanxiaoquan/project/qingqujun-server/node_modules/bluebird/js/release/async.js:133:16)
    at Async._drainQueues (/Users/ruanxiaoquan/project/qingqujun-server/node_modules/bluebird/js/release/async.js:143:10)
    at Immediate.__dirname.Async.drainQueues (/Users/ruanxiaoquan/project/qingqujun-server/node_modules/bluebird/js/release/async.js:17:14)
    at runCallback (timers.js:651:20)
    at tryOnImmediate (timers.js:624:5)
    at processImmediate [as _immediateCallback] (timers.js:596:5)
[2017-02-27 15:18:03.912] [ERROR] UserService - 登录失败 TypeError: Cannot read property 'password' of null
    at self.userLogin.db.User.findOne.then.data (/Users/ruanxiaoquan/project/qingqujun-server/service/account/UserService.js:34:31)
    at tryCatcher (/Users/ruanxiaoquan/project/qingqujun-server/node_modules/bluebird/js/release/util.js:16:23)
    at Promise.module.exports.Promise._settlePromiseFromHandler (/Users/ruanxiaoquan/project/qingqujun-server/node_modules/bluebird/js/release/promise.js:510:31)
    at Promise.module.exports.Promise._settlePromise (/Users/ruanxiaoquan/project/qingqujun-server/node_modules/bluebird/js/release/promise.js:567:18)
    at Promise.module.exports.Promise._settlePromise0 (/Users/ruanxiaoquan/project/qingqujun-server/node_modules/bluebird/js/release/promise.js:612:10)
    at Promise.module.exports.Promise._settlePromises (/Users/ruanxiaoquan/project/qingqujun-server/node_modules/bluebird/js/release/promise.js:691:18)
    at Async._drainQueue (/Users/ruanxiaoquan/project/qingqujun-server/node_modules/bluebird/js/release/async.js:133:16)
    at Async._drainQueues (/Users/ruanxiaoquan/project/qingqujun-server/node_modules/bluebird/js/release/async.js:143:10)
    at Immediate.__dirname.Async.drainQueues (/Users/ruanxiaoquan/project/qingqujun-server/node_modules/bluebird/js/release/async.js:17:14)
    at runCallback (timers.js:651:20)
    at tryOnImmediate (timers.js:624:5)
    at processImmediate [as _immediateCallback] (timers.js:596:5)
[2017-02-27 15:19:20.604] [ERROR] UserService - 登录失败 TypeError: Cannot read property 'password' of null
    at self.userLogin.db.User.findOne.then.data (/Users/ruanxiaoquan/project/qingqujun-server/service/account/UserService.js:34:31)
    at tryCatcher (/Users/ruanxiaoquan/project/qingqujun-server/node_modules/bluebird/js/release/util.js:16:23)
    at Promise.module.exports.Promise._settlePromiseFromHandler (/Users/ruanxiaoquan/project/qingqujun-server/node_modules/bluebird/js/release/promise.js:510:31)
    at Promise.module.exports.Promise._settlePromise (/Users/ruanxiaoquan/project/qingqujun-server/node_modules/bluebird/js/release/promise.js:567:18)
    at Promise.module.exports.Promise._settlePromise0 (/Users/ruanxiaoquan/project/qingqujun-server/node_modules/bluebird/js/release/promise.js:612:10)
    at Promise.module.exports.Promise._settlePromises (/Users/ruanxiaoquan/project/qingqujun-server/node_modules/bluebird/js/release/promise.js:691:18)
    at Async._drainQueue (/Users/ruanxiaoquan/project/qingqujun-server/node_modules/bluebird/js/release/async.js:133:16)
    at Async._drainQueues (/Users/ruanxiaoquan/project/qingqujun-server/node_modules/bluebird/js/release/async.js:143:10)
    at Immediate.__dirname.Async.drainQueues (/Users/ruanxiaoquan/project/qingqujun-server/node_modules/bluebird/js/release/async.js:17:14)
    at runCallback (timers.js:651:20)
    at tryOnImmediate (timers.js:624:5)
    at processImmediate [as _immediateCallback] (timers.js:596:5)
[2017-02-27 15:20:45.959] [ERROR] UserService - 登录失败 TypeError: Cannot read property 'password' of null
    at self.userLogin.db.User.findOne.then.data (/Users/ruanxiaoquan/project/qingqujun-server/service/account/UserService.js:34:31)
    at tryCatcher (/Users/ruanxiaoquan/project/qingqujun-server/node_modules/bluebird/js/release/util.js:16:23)
    at Promise.module.exports.Promise._settlePromiseFromHandler (/Users/ruanxiaoquan/project/qingqujun-server/node_modules/bluebird/js/release/promise.js:510:31)
    at Promise.module.exports.Promise._settlePromise (/Users/ruanxiaoquan/project/qingqujun-server/node_modules/bluebird/js/release/promise.js:567:18)
    at Promise.module.exports.Promise._settlePromise0 (/Users/ruanxiaoquan/project/qingqujun-server/node_modules/bluebird/js/release/promise.js:612:10)
    at Promise.module.exports.Promise._settlePromises (/Users/ruanxiaoquan/project/qingqujun-server/node_modules/bluebird/js/release/promise.js:691:18)
    at Async._drainQueue (/Users/ruanxiaoquan/project/qingqujun-server/node_modules/bluebird/js/release/async.js:133:16)
    at Async._drainQueues (/Users/ruanxiaoquan/project/qingqujun-server/node_modules/bluebird/js/release/async.js:143:10)
    at Immediate.__dirname.Async.drainQueues (/Users/ruanxiaoquan/project/qingqujun-server/node_modules/bluebird/js/release/async.js:17:14)
    at runCallback (timers.js:651:20)
    at tryOnImmediate (timers.js:624:5)
    at processImmediate [as _immediateCallback] (timers.js:596:5)
[2017-02-27 15:22:27.730] [ERROR] UserService - 登录失败 TypeError: Cannot read property 'password' of null
    at self.userLogin.db.User.findOne.then.data (/Users/ruanxiaoquan/project/qingqujun-server/service/account/UserService.js:34:31)
    at tryCatcher (/Users/ruanxiaoquan/project/qingqujun-server/node_modules/bluebird/js/release/util.js:16:23)
    at Promise.module.exports.Promise._settlePromiseFromHandler (/Users/ruanxiaoquan/project/qingqujun-server/node_modules/bluebird/js/release/promise.js:510:31)
    at Promise.module.exports.Promise._settlePromise (/Users/ruanxiaoquan/project/qingqujun-server/node_modules/bluebird/js/release/promise.js:567:18)
    at Promise.module.exports.Promise._settlePromise0 (/Users/ruanxiaoquan/project/qingqujun-server/node_modules/bluebird/js/release/promise.js:612:10)
    at Promise.module.exports.Promise._settlePromises (/Users/ruanxiaoquan/project/qingqujun-server/node_modules/bluebird/js/release/promise.js:691:18)
    at Async._drainQueue (/Users/ruanxiaoquan/project/qingqujun-server/node_modules/bluebird/js/release/async.js:133:16)
    at Async._drainQueues (/Users/ruanxiaoquan/project/qingqujun-server/node_modules/bluebird/js/release/async.js:143:10)
    at Immediate.__dirname.Async.drainQueues (/Users/ruanxiaoquan/project/qingqujun-server/node_modules/bluebird/js/release/async.js:17:14)
    at runCallback (timers.js:651:20)
    at tryOnImmediate (timers.js:624:5)
    at processImmediate [as _immediateCallback] (timers.js:596:5)
[2017-02-27 15:23:46.107] [ERROR] UserService - 登录失败 TypeError: Cannot read property 'password' of null
    at self.userLogin.db.User.findOne.then.data (/Users/ruanxiaoquan/project/qingqujun-server/service/account/UserService.js:34:31)
    at tryCatcher (/Users/ruanxiaoquan/project/qingqujun-server/node_modules/bluebird/js/release/util.js:16:23)
    at Promise.module.exports.Promise._settlePromiseFromHandler (/Users/ruanxiaoquan/project/qingqujun-server/node_modules/bluebird/js/release/promise.js:510:31)
    at Promise.module.exports.Promise._settlePromise (/Users/ruanxiaoquan/project/qingqujun-server/node_modules/bluebird/js/release/promise.js:567:18)
    at Promise.module.exports.Promise._settlePromise0 (/Users/ruanxiaoquan/project/qingqujun-server/node_modules/bluebird/js/release/promise.js:612:10)
    at Promise.module.exports.Promise._settlePromises (/Users/ruanxiaoquan/project/qingqujun-server/node_modules/bluebird/js/release/promise.js:691:18)
    at Async._drainQueue (/Users/ruanxiaoquan/project/qingqujun-server/node_modules/bluebird/js/release/async.js:133:16)
    at Async._drainQueues (/Users/ruanxiaoquan/project/qingqujun-server/node_modules/bluebird/js/release/async.js:143:10)
    at Immediate.__dirname.Async.drainQueues (/Users/ruanxiaoquan/project/qingqujun-server/node_modules/bluebird/js/release/async.js:17:14)
    at runCallback (timers.js:651:20)
    at tryOnImmediate (timers.js:624:5)
    at processImmediate [as _immediateCallback] (timers.js:596:5)
[2017-02-27 15:25:03.748] [ERROR] UserService - 登录失败 TypeError: Cannot read property 'password' of null
    at self.userLogin.db.User.findOne.then.data (/Users/ruanxiaoquan/project/qingqujun-server/service/account/UserService.js:34:31)
    at tryCatcher (/Users/ruanxiaoquan/project/qingqujun-server/node_modules/bluebird/js/release/util.js:16:23)
    at Promise.module.exports.Promise._settlePromiseFromHandler (/Users/ruanxiaoquan/project/qingqujun-server/node_modules/bluebird/js/release/promise.js:510:31)
    at Promise.module.exports.Promise._settlePromise (/Users/ruanxiaoquan/project/qingqujun-server/node_modules/bluebird/js/release/promise.js:567:18)
    at Promise.module.exports.Promise._settlePromise0 (/Users/ruanxiaoquan/project/qingqujun-server/node_modules/bluebird/js/release/promise.js:612:10)
    at Promise.module.exports.Promise._settlePromises (/Users/ruanxiaoquan/project/qingqujun-server/node_modules/bluebird/js/release/promise.js:691:18)
    at Async._drainQueue (/Users/ruanxiaoquan/project/qingqujun-server/node_modules/bluebird/js/release/async.js:133:16)
    at Async._drainQueues (/Users/ruanxiaoquan/project/qingqujun-server/node_modules/bluebird/js/release/async.js:143:10)
    at Immediate.__dirname.Async.drainQueues (/Users/ruanxiaoquan/project/qingqujun-server/node_modules/bluebird/js/release/async.js:17:14)
    at runCallback (timers.js:651:20)
    at tryOnImmediate (timers.js:624:5)
    at processImmediate [as _immediateCallback] (timers.js:596:5)
[2017-02-27 15:25:08.948] [ERROR] UserService - 登录失败 TypeError: Cannot read property 'password' of null
    at self.userLogin.db.User.findOne.then.data (/Users/ruanxiaoquan/project/qingqujun-server/service/account/UserService.js:34:31)
    at tryCatcher (/Users/ruanxiaoquan/project/qingqujun-server/node_modules/bluebird/js/release/util.js:16:23)
    at Promise.module.exports.Promise._settlePromiseFromHandler (/Users/ruanxiaoquan/project/qingqujun-server/node_modules/bluebird/js/release/promise.js:510:31)
    at Promise.module.exports.Promise._settlePromise (/Users/ruanxiaoquan/project/qingqujun-server/node_modules/bluebird/js/release/promise.js:567:18)
    at Promise.module.exports.Promise._settlePromise0 (/Users/ruanxiaoquan/project/qingqujun-server/node_modules/bluebird/js/release/promise.js:612:10)
    at Promise.module.exports.Promise._settlePromises (/Users/ruanxiaoquan/project/qingqujun-server/node_modules/bluebird/js/release/promise.js:691:18)
    at Async._drainQueue (/Users/ruanxiaoquan/project/qingqujun-server/node_modules/bluebird/js/release/async.js:133:16)
    at Async._drainQueues (/Users/ruanxiaoquan/project/qingqujun-server/node_modules/bluebird/js/release/async.js:143:10)
    at Immediate.__dirname.Async.drainQueues (/Users/ruanxiaoquan/project/qingqujun-server/node_modules/bluebird/js/release/async.js:17:14)
    at runCallback (timers.js:651:20)
    at tryOnImmediate (timers.js:624:5)
    at processImmediate [as _immediateCallback] (timers.js:596:5)
[2017-02-27 15:25:13.963] [ERROR] UserService - 登录失败 TypeError: Cannot read property 'password' of null
    at self.userLogin.db.User.findOne.then.data (/Users/ruanxiaoquan/project/qingqujun-server/service/account/UserService.js:34:31)
    at tryCatcher (/Users/ruanxiaoquan/project/qingqujun-server/node_modules/bluebird/js/release/util.js:16:23)
    at Promise.module.exports.Promise._settlePromiseFromHandler (/Users/ruanxiaoquan/project/qingqujun-server/node_modules/bluebird/js/release/promise.js:510:31)
    at Promise.module.exports.Promise._settlePromise (/Users/ruanxiaoquan/project/qingqujun-server/node_modules/bluebird/js/release/promise.js:567:18)
    at Promise.module.exports.Promise._settlePromise0 (/Users/ruanxiaoquan/project/qingqujun-server/node_modules/bluebird/js/release/promise.js:612:10)
    at Promise.module.exports.Promise._settlePromises (/Users/ruanxiaoquan/project/qingqujun-server/node_modules/bluebird/js/release/promise.js:691:18)
    at Async._drainQueue (/Users/ruanxiaoquan/project/qingqujun-server/node_modules/bluebird/js/release/async.js:133:16)
    at Async._drainQueues (/Users/ruanxiaoquan/project/qingqujun-server/node_modules/bluebird/js/release/async.js:143:10)
    at Immediate.__dirname.Async.drainQueues (/Users/ruanxiaoquan/project/qingqujun-server/node_modules/bluebird/js/release/async.js:17:14)
    at runCallback (timers.js:651:20)
    at tryOnImmediate (timers.js:624:5)
    at processImmediate [as _immediateCallback] (timers.js:596:5)
[2017-02-27 15:25:33.986] [ERROR] UserService - 登录失败 TypeError: Cannot read property 'password' of null
    at self.userLogin.db.User.findOne.then.data (/Users/ruanxiaoquan/project/qingqujun-server/service/account/UserService.js:34:31)
    at tryCatcher (/Users/ruanxiaoquan/project/qingqujun-server/node_modules/bluebird/js/release/util.js:16:23)
    at Promise.module.exports.Promise._settlePromiseFromHandler (/Users/ruanxiaoquan/project/qingqujun-server/node_modules/bluebird/js/release/promise.js:510:31)
    at Promise.module.exports.Promise._settlePromise (/Users/ruanxiaoquan/project/qingqujun-server/node_modules/bluebird/js/release/promise.js:567:18)
    at Promise.module.exports.Promise._settlePromise0 (/Users/ruanxiaoquan/project/qingqujun-server/node_modules/bluebird/js/release/promise.js:612:10)
    at Promise.module.exports.Promise._settlePromises (/Users/ruanxiaoquan/project/qingqujun-server/node_modules/bluebird/js/release/promise.js:691:18)
    at Async._drainQueue (/Users/ruanxiaoquan/project/qingqujun-server/node_modules/bluebird/js/release/async.js:133:16)
    at Async._drainQueues (/Users/ruanxiaoquan/project/qingqujun-server/node_modules/bluebird/js/release/async.js:143:10)
    at Immediate.__dirname.Async.drainQueues (/Users/ruanxiaoquan/project/qingqujun-server/node_modules/bluebird/js/release/async.js:17:14)
    at runCallback (timers.js:651:20)
    at tryOnImmediate (timers.js:624:5)
    at processImmediate [as _immediateCallback] (timers.js:596:5)
[2017-02-27 15:26:17.093] [ERROR] UserService - 登录失败 TypeError: Cannot read property 'password' of null
    at self.userLogin.db.User.findOne.then.data (/Users/ruanxiaoquan/project/qingqujun-server/service/account/UserService.js:34:31)
    at tryCatcher (/Users/ruanxiaoquan/project/qingqujun-server/node_modules/bluebird/js/release/util.js:16:23)
    at Promise.module.exports.Promise._settlePromiseFromHandler (/Users/ruanxiaoquan/project/qingqujun-server/node_modules/bluebird/js/release/promise.js:510:31)
    at Promise.module.exports.Promise._settlePromise (/Users/ruanxiaoquan/project/qingqujun-server/node_modules/bluebird/js/release/promise.js:567:18)
    at Promise.module.exports.Promise._settlePromise0 (/Users/ruanxiaoquan/project/qingqujun-server/node_modules/bluebird/js/release/promise.js:612:10)
    at Promise.module.exports.Promise._settlePromises (/Users/ruanxiaoquan/project/qingqujun-server/node_modules/bluebird/js/release/promise.js:691:18)
    at Async._drainQueue (/Users/ruanxiaoquan/project/qingqujun-server/node_modules/bluebird/js/release/async.js:133:16)
    at Async._drainQueues (/Users/ruanxiaoquan/project/qingqujun-server/node_modules/bluebird/js/release/async.js:143:10)
    at Immediate.__dirname.Async.drainQueues (/Users/ruanxiaoquan/project/qingqujun-server/node_modules/bluebird/js/release/async.js:17:14)
    at runCallback (timers.js:651:20)
    at tryOnImmediate (timers.js:624:5)
    at processImmediate [as _immediateCallback] (timers.js:596:5)
[2017-02-27 15:26:21.234] [ERROR] UserService - 登录失败 TypeError: Cannot read property 'password' of null
    at self.userLogin.db.User.findOne.then.data (/Users/ruanxiaoquan/project/qingqujun-server/service/account/UserService.js:34:31)
    at tryCatcher (/Users/ruanxiaoquan/project/qingqujun-server/node_modules/bluebird/js/release/util.js:16:23)
    at Promise.module.exports.Promise._settlePromiseFromHandler (/Users/ruanxiaoquan/project/qingqujun-server/node_modules/bluebird/js/release/promise.js:510:31)
    at Promise.module.exports.Promise._settlePromise (/Users/ruanxiaoquan/project/qingqujun-server/node_modules/bluebird/js/release/promise.js:567:18)
    at Promise.module.exports.Promise._settlePromise0 (/Users/ruanxiaoquan/project/qingqujun-server/node_modules/bluebird/js/release/promise.js:612:10)
    at Promise.module.exports.Promise._settlePromises (/Users/ruanxiaoquan/project/qingqujun-server/node_modules/bluebird/js/release/promise.js:691:18)
    at Async._drainQueue (/Users/ruanxiaoquan/project/qingqujun-server/node_modules/bluebird/js/release/async.js:133:16)
    at Async._drainQueues (/Users/ruanxiaoquan/project/qingqujun-server/node_modules/bluebird/js/release/async.js:143:10)
    at Immediate.__dirname.Async.drainQueues (/Users/ruanxiaoquan/project/qingqujun-server/node_modules/bluebird/js/release/async.js:17:14)
    at runCallback (timers.js:651:20)
    at tryOnImmediate (timers.js:624:5)
    at processImmediate [as _immediateCallback] (timers.js:596:5)
[2017-02-27 15:29:53.635] [ERROR] UserService - 登录失败 TypeError: Cannot read property 'password' of null
    at self.userLogin.db.User.findOne.then.data (/Users/ruanxiaoquan/project/qingqujun-server/service/account/UserService.js:34:31)
    at tryCatcher (/Users/ruanxiaoquan/project/qingqujun-server/node_modules/bluebird/js/release/util.js:16:23)
    at Promise.module.exports.Promise._settlePromiseFromHandler (/Users/ruanxiaoquan/project/qingqujun-server/node_modules/bluebird/js/release/promise.js:510:31)
    at Promise.module.exports.Promise._settlePromise (/Users/ruanxiaoquan/project/qingqujun-server/node_modules/bluebird/js/release/promise.js:567:18)
    at Promise.module.exports.Promise._settlePromise0 (/Users/ruanxiaoquan/project/qingqujun-server/node_modules/bluebird/js/release/promise.js:612:10)
    at Promise.module.exports.Promise._settlePromises (/Users/ruanxiaoquan/project/qingqujun-server/node_modules/bluebird/js/release/promise.js:691:18)
    at Async._drainQueue (/Users/ruanxiaoquan/project/qingqujun-server/node_modules/bluebird/js/release/async.js:133:16)
    at Async._drainQueues (/Users/ruanxiaoquan/project/qingqujun-server/node_modules/bluebird/js/release/async.js:143:10)
    at Immediate.__dirname.Async.drainQueues (/Users/ruanxiaoquan/project/qingqujun-server/node_modules/bluebird/js/release/async.js:17:14)
    at runCallback (timers.js:651:20)
    at tryOnImmediate (timers.js:624:5)
    at processImmediate [as _immediateCallback] (timers.js:596:5)
[2017-02-27 15:31:17.361] [ERROR] UserService - 登录失败 TypeError: Cannot read property 'password' of null
    at self.userLogin.db.User.findOne.then.data (/Users/ruanxiaoquan/project/qingqujun-server/service/account/UserService.js:34:31)
    at tryCatcher (/Users/ruanxiaoquan/project/qingqujun-server/node_modules/bluebird/js/release/util.js:16:23)
    at Promise.module.exports.Promise._settlePromiseFromHandler (/Users/ruanxiaoquan/project/qingqujun-server/node_modules/bluebird/js/release/promise.js:510:31)
    at Promise.module.exports.Promise._settlePromise (/Users/ruanxiaoquan/project/qingqujun-server/node_modules/bluebird/js/release/promise.js:567:18)
    at Promise.module.exports.Promise._settlePromise0 (/Users/ruanxiaoquan/project/qingqujun-server/node_modules/bluebird/js/release/promise.js:612:10)
    at Promise.module.exports.Promise._settlePromises (/Users/ruanxiaoquan/project/qingqujun-server/node_modules/bluebird/js/release/promise.js:691:18)
    at Async._drainQueue (/Users/ruanxiaoquan/project/qingqujun-server/node_modules/bluebird/js/release/async.js:133:16)
    at Async._drainQueues (/Users/ruanxiaoquan/project/qingqujun-server/node_modules/bluebird/js/release/async.js:143:10)
    at Immediate.__dirname.Async.drainQueues (/Users/ruanxiaoquan/project/qingqujun-server/node_modules/bluebird/js/release/async.js:17:14)
    at runCallback (timers.js:651:20)
    at tryOnImmediate (timers.js:624:5)
    at processImmediate [as _immediateCallback] (timers.js:596:5)
[2017-02-27 15:31:50.691] [ERROR] UserService - 登录失败 TypeError: Cannot read property 'password' of null
    at self.userLogin.db.User.findOne.then.data (/Users/ruanxiaoquan/project/qingqujun-server/service/account/UserService.js:34:31)
    at tryCatcher (/Users/ruanxiaoquan/project/qingqujun-server/node_modules/bluebird/js/release/util.js:16:23)
    at Promise.module.exports.Promise._settlePromiseFromHandler (/Users/ruanxiaoquan/project/qingqujun-server/node_modules/bluebird/js/release/promise.js:510:31)
    at Promise.module.exports.Promise._settlePromise (/Users/ruanxiaoquan/project/qingqujun-server/node_modules/bluebird/js/release/promise.js:567:18)
    at Promise.module.exports.Promise._settlePromise0 (/Users/ruanxiaoquan/project/qingqujun-server/node_modules/bluebird/js/release/promise.js:612:10)
    at Promise.module.exports.Promise._settlePromises (/Users/ruanxiaoquan/project/qingqujun-server/node_modules/bluebird/js/release/promise.js:691:18)
    at Async._drainQueue (/Users/ruanxiaoquan/project/qingqujun-server/node_modules/bluebird/js/release/async.js:133:16)
    at Async._drainQueues (/Users/ruanxiaoquan/project/qingqujun-server/node_modules/bluebird/js/release/async.js:143:10)
    at Immediate.__dirname.Async.drainQueues (/Users/ruanxiaoquan/project/qingqujun-server/node_modules/bluebird/js/release/async.js:17:14)
    at runCallback (timers.js:651:20)
    at tryOnImmediate (timers.js:624:5)
    at processImmediate [as _immediateCallback] (timers.js:596:5)
[2017-02-27 15:33:05.182] [ERROR] UserService - 登录失败 TypeError: Cannot read property 'password' of null
    at self.userLogin.db.User.findOne.then.data (/Users/ruanxiaoquan/project/qingqujun-server/service/account/UserService.js:34:31)
    at tryCatcher (/Users/ruanxiaoquan/project/qingqujun-server/node_modules/bluebird/js/release/util.js:16:23)
    at Promise.module.exports.Promise._settlePromiseFromHandler (/Users/ruanxiaoquan/project/qingqujun-server/node_modules/bluebird/js/release/promise.js:510:31)
    at Promise.module.exports.Promise._settlePromise (/Users/ruanxiaoquan/project/qingqujun-server/node_modules/bluebird/js/release/promise.js:567:18)
    at Promise.module.exports.Promise._settlePromise0 (/Users/ruanxiaoquan/project/qingqujun-server/node_modules/bluebird/js/release/promise.js:612:10)
    at Promise.module.exports.Promise._settlePromises (/Users/ruanxiaoquan/project/qingqujun-server/node_modules/bluebird/js/release/promise.js:691:18)
    at Async._drainQueue (/Users/ruanxiaoquan/project/qingqujun-server/node_modules/bluebird/js/release/async.js:133:16)
    at Async._drainQueues (/Users/ruanxiaoquan/project/qingqujun-server/node_modules/bluebird/js/release/async.js:143:10)
    at Immediate.__dirname.Async.drainQueues (/Users/ruanxiaoquan/project/qingqujun-server/node_modules/bluebird/js/release/async.js:17:14)
    at runCallback (timers.js:651:20)
    at tryOnImmediate (timers.js:624:5)
    at processImmediate [as _immediateCallback] (timers.js:596:5)
[2017-02-27 15:33:18.960] [ERROR] UserService - 登录失败 TypeError: Cannot read property 'password' of null
    at self.userLogin.db.User.findOne.then.data (/Users/ruanxiaoquan/project/qingqujun-server/service/account/UserService.js:34:31)
    at tryCatcher (/Users/ruanxiaoquan/project/qingqujun-server/node_modules/bluebird/js/release/util.js:16:23)
    at Promise.module.exports.Promise._settlePromiseFromHandler (/Users/ruanxiaoquan/project/qingqujun-server/node_modules/bluebird/js/release/promise.js:510:31)
    at Promise.module.exports.Promise._settlePromise (/Users/ruanxiaoquan/project/qingqujun-server/node_modules/bluebird/js/release/promise.js:567:18)
    at Promise.module.exports.Promise._settlePromise0 (/Users/ruanxiaoquan/project/qingqujun-server/node_modules/bluebird/js/release/promise.js:612:10)
    at Promise.module.exports.Promise._settlePromises (/Users/ruanxiaoquan/project/qingqujun-server/node_modules/bluebird/js/release/promise.js:691:18)
    at Async._drainQueue (/Users/ruanxiaoquan/project/qingqujun-server/node_modules/bluebird/js/release/async.js:133:16)
    at Async._drainQueues (/Users/ruanxiaoquan/project/qingqujun-server/node_modules/bluebird/js/release/async.js:143:10)
    at Immediate.__dirname.Async.drainQueues (/Users/ruanxiaoquan/project/qingqujun-server/node_modules/bluebird/js/release/async.js:17:14)
    at runCallback (timers.js:651:20)
    at tryOnImmediate (timers.js:624:5)
    at processImmediate [as _immediateCallback] (timers.js:596:5)
[2017-02-27 15:33:27.420] [ERROR] UserService - 登录失败 TypeError: Cannot read property 'password' of null
    at self.userLogin.db.User.findOne.then.data (/Users/ruanxiaoquan/project/qingqujun-server/service/account/UserService.js:34:31)
    at tryCatcher (/Users/ruanxiaoquan/project/qingqujun-server/node_modules/bluebird/js/release/util.js:16:23)
    at Promise.module.exports.Promise._settlePromiseFromHandler (/Users/ruanxiaoquan/project/qingqujun-server/node_modules/bluebird/js/release/promise.js:510:31)
    at Promise.module.exports.Promise._settlePromise (/Users/ruanxiaoquan/project/qingqujun-server/node_modules/bluebird/js/release/promise.js:567:18)
    at Promise.module.exports.Promise._settlePromise0 (/Users/ruanxiaoquan/project/qingqujun-server/node_modules/bluebird/js/release/promise.js:612:10)
    at Promise.module.exports.Promise._settlePromises (/Users/ruanxiaoquan/project/qingqujun-server/node_modules/bluebird/js/release/promise.js:691:18)
    at Async._drainQueue (/Users/ruanxiaoquan/project/qingqujun-server/node_modules/bluebird/js/release/async.js:133:16)
    at Async._drainQueues (/Users/ruanxiaoquan/project/qingqujun-server/node_modules/bluebird/js/release/async.js:143:10)
    at Immediate.__dirname.Async.drainQueues (/Users/ruanxiaoquan/project/qingqujun-server/node_modules/bluebird/js/release/async.js:17:14)
    at runCallback (timers.js:651:20)
    at tryOnImmediate (timers.js:624:5)
    at processImmediate [as _immediateCallback] (timers.js:596:5)
